Unity Editor version:    2022.3.12f1 (4fe6e059c7ef)
Branch:                  2022.3/release
Build type:              Release
Batch mode:              YES
macOS version:           Version 13.5.2 (Build 22G91)
Darwin version:          22.6.0
Architecture:            x86_64
Running under Rosetta:   YES
Available memory:        16384 MB
Using pre-set license
Pro License: YES

COMMAND LINE ARGUMENTS:
/Applications/Unity/Hub/Editor/2022.3.12f1/Unity.app/Contents/MacOS/Unity
-adb2
-batchMode
-noUpm
-name
AssetImportWorker0
-projectPath
/Users/mertatestopuz/Desktop/klasörler klasörü/Projeler/Unity/HallowenJam/My projectdvssdv
-logFile
Logs/AssetImportWorker0.log
-srvPort
49490
Successfully changed project path to: /Users/mertatestopuz/Desktop/klasörler klasörü/Projeler/Unity/HallowenJam/My projectdvssdv
/Users/mertatestopuz/Desktop/klasörler klasörü/Projeler/Unity/HallowenJam/My projectdvssdv
[UnityMemory] Configuration Parameters - Can be set up in boot.config
    "memorysetup-bucket-allocator-granularity=16"
    "memorysetup-bucket-allocator-bucket-count=8"
    "memorysetup-bucket-allocator-block-size=33554432"
    "memorysetup-bucket-allocator-block-count=8"
    "memorysetup-main-allocator-block-size=16777216"
    "memorysetup-thread-allocator-block-size=16777216"
    "memorysetup-gfx-main-allocator-block-size=16777216"
    "memorysetup-gfx-thread-allocator-block-size=16777216"
    "memorysetup-cache-allocator-block-size=4194304"
    "memorysetup-typetree-allocator-block-size=2097152"
    "memorysetup-profiler-bucket-allocator-granularity=16"
    "memorysetup-profiler-bucket-allocator-bucket-count=8"
    "memorysetup-profiler-bucket-allocator-block-size=33554432"
    "memorysetup-profiler-bucket-allocator-block-count=8"
    "memorysetup-profiler-allocator-block-size=16777216"
    "memorysetup-profiler-editor-allocator-block-size=1048576"
    "memorysetup-temp-allocator-size-main=16777216"
    "memorysetup-job-temp-allocator-block-size=2097152"
    "memorysetup-job-temp-allocator-block-size-background=1048576"
    "memorysetup-job-temp-allocator-reduction-small-platforms=262144"
    "memorysetup-allocator-temp-initial-block-size-main=262144"
    "memorysetup-allocator-temp-initial-block-size-worker=262144"
    "memorysetup-temp-allocator-size-background-worker=32768"
    "memorysetup-temp-allocator-size-job-worker=262144"
    "memorysetup-temp-allocator-size-preload-manager=33554432"
    "memorysetup-temp-allocator-size-nav-mesh-worker=65536"
    "memorysetup-temp-allocator-size-audio-worker=65536"
    "memorysetup-temp-allocator-size-cloud-worker=32768"
    "memorysetup-temp-allocator-size-gi-baking-worker=262144"
    "memorysetup-temp-allocator-size-gfx=262144"
Player connection [8773915264] Host "[IP] 172.20.10.5 [Port] 0 [Flags] 2 [Guid] 3002678405 [EditorId] 3002678405 [Version] 1048832 [Id] OSXEditor(0,Mert-MacBook-Air.local) [Debug] 1 [PackageName] OSXEditor [ProjectName] Editor" joined multi-casting on [225.0.0.222:54997]...

Player connection [8773915264] Host "[IP] 172.20.10.5 [Port] 0 [Flags] 2 [Guid] 3002678405 [EditorId] 3002678405 [Version] 1048832 [Id] OSXEditor(0,Mert-MacBook-Air.local) [Debug] 1 [PackageName] OSXEditor [ProjectName] Editor" joined alternative multi-casting on [225.0.0.222:34997]...

[Physics::Module] Initialized MultithreadedJobDispatcher with 7 workers.
Refreshing native plugins compatible for Editor in 14.55 ms, found 3 plugins.
Preloading 0 native plugins for Editor in 0.00 ms.
Initialize engine version: 2022.3.12f1 (4fe6e059c7ef)
[Subsystems] Discovering subsystems at path /Applications/Unity/Hub/Editor/2022.3.12f1/Unity.app/Contents/Resources/UnitySubsystems
[Subsystems] Discovering subsystems at path /Users/mertatestopuz/Desktop/klasörler klasörü/Projeler/Unity/HallowenJam/My projectdvssdv/Assets
GfxDevice: creating device client; threaded=0; jobified=0
 preferred device: Apple M1 (high power)
Metal devices available: 1
0: Apple M1 (high power)
Using device Apple M1 (high power)
Initializing Metal device caps: Apple M1
Initialize mono
Mono path[0] = '/Applications/Unity/Hub/Editor/2022.3.12f1/Unity.app/Contents/Managed'
Mono path[1] = '/Applications/Unity/Hub/Editor/2022.3.12f1/Unity.app/Contents/MonoBleedingEdge/lib/mono/unityjit-macos'
Mono config path = '/Applications/Unity/Hub/Editor/2022.3.12f1/Unity.app/Contents/MonoBleedingEdge/etc'
Using monoOptions --debugger-agent=transport=dt_socket,embedding=1,server=y,suspend=n,address=127.0.0.1:56726
Begin MonoManager ReloadAssembly
Registering precompiled unity dll's ...
Register platform support module: /Applications/Unity/Hub/Editor/2022.3.12f1/Unity.app/Contents/PlaybackEngines/MacStandaloneSupport/UnityEditor.OSXStandalone.Extensions.dll
Register platform support module: /Applications/Unity/Hub/Editor/2022.3.12f1/PlaybackEngines/WindowsStandaloneSupport/UnityEditor.WindowsStandalone.Extensions.dll
Registered in 0.001420 seconds.
- Loaded All Assemblies, in  0.596 seconds
Native extension for WindowsStandalone target not found
Native extension for OSXStandalone target not found
Mono: successfully reloaded assembly
- Finished resetting the current domain, in  0.843 seconds
Domain Reload Profiling: 1441ms
	BeginReloadAssembly (231ms)
		ExecutionOrderSort (0ms)
		DisableScriptedObjects (0ms)
		BackupInstance (0ms)
		ReleaseScriptingObjects (0ms)
		CreateAndSetChildDomain (3ms)
	RebuildCommonClasses (45ms)
	RebuildNativeTypeToScriptingClass (13ms)
	initialDomainReloadingComplete (143ms)
	LoadAllAssembliesAndSetupDomain (164ms)
		LoadAssemblies (228ms)
		RebuildTransferFunctionScriptingTraits (0ms)
		AnalyzeDomain (161ms)
			TypeCache.Refresh (158ms)
				TypeCache.ScanAssembly (142ms)
			ScanForSourceGeneratedMonoScriptInfo (0ms)
			ResolveRequiredComponents (2ms)
	FinalizeReload (845ms)
		ReleaseScriptCaches (0ms)
		RebuildScriptCaches (0ms)
		SetupLoadedEditorAssemblies (713ms)
			LogAssemblyErrors (0ms)
			InitializePlatformSupportModulesInManaged (31ms)
			SetLoadedEditorAssemblies (17ms)
			RefreshPlugins (0ms)
			BeforeProcessingInitializeOnLoad (7ms)
			ProcessInitializeOnLoadAttributes (476ms)
			ProcessInitializeOnLoadMethodAttributes (181ms)
			AfterProcessingInitializeOnLoad (0ms)
			EditorAssembliesLoaded (0ms)
		ExecutionOrderSort2 (0ms)
		AwakeInstancesAfterBackupRestoration (0ms)
========================================================================
Worker process is ready to serve import requests
Begin MonoManager ReloadAssembly
- Loaded All Assemblies, in  1.080 seconds
Refreshing native plugins compatible for Editor in 1.55 ms, found 3 plugins.
Native extension for WindowsStandalone target not found
Native extension for OSXStandalone target not found
Package Manager log level set to [2]
[Package Manager] Server::EnsureServerProcessIsRunning -- launch failed, reason: Unity was launched with the -noUpm command-line argument
[Package Manager] UpmClient::Send -- Unable to send message (not connected to UPM process).
[Package Manager] Cannot connect to Unity Package Manager local server
Mono: successfully reloaded assembly
- Finished resetting the current domain, in  1.941 seconds
Domain Reload Profiling: 3023ms
	BeginReloadAssembly (297ms)
		ExecutionOrderSort (0ms)
		DisableScriptedObjects (35ms)
		BackupInstance (0ms)
		ReleaseScriptingObjects (0ms)
		CreateAndSetChildDomain (29ms)
	RebuildCommonClasses (43ms)
	RebuildNativeTypeToScriptingClass (12ms)
	initialDomainReloadingComplete (105ms)
	LoadAllAssembliesAndSetupDomain (623ms)
		LoadAssemblies (471ms)
		RebuildTransferFunctionScriptingTraits (0ms)
		AnalyzeDomain (288ms)
			TypeCache.Refresh (203ms)
				TypeCache.ScanAssembly (184ms)
			ScanForSourceGeneratedMonoScriptInfo (53ms)
			ResolveRequiredComponents (31ms)
	FinalizeReload (1942ms)
		ReleaseScriptCaches (0ms)
		RebuildScriptCaches (0ms)
		SetupLoadedEditorAssemblies (1567ms)
			LogAssemblyErrors (0ms)
			InitializePlatformSupportModulesInManaged (20ms)
			SetLoadedEditorAssemblies (8ms)
			RefreshPlugins (0ms)
			BeforeProcessingInitializeOnLoad (137ms)
			ProcessInitializeOnLoadAttributes (1122ms)
			ProcessInitializeOnLoadMethodAttributes (278ms)
			AfterProcessingInitializeOnLoad (1ms)
			EditorAssembliesLoaded (0ms)
		ExecutionOrderSort2 (0ms)
		AwakeInstancesAfterBackupRestoration (12ms)
Launching external process: /Applications/Unity/Hub/Editor/2022.3.12f1/Unity.app/Contents/Tools/UnityShaderCompiler
Launched and connected shader compiler UnityShaderCompiler after 0.09 seconds
Refreshing native plugins compatible for Editor in 2.05 ms, found 3 plugins.
Preloading 0 native plugins for Editor in 0.00 ms.
Unloading 5648 Unused Serialized files (Serialized files now loaded: 0)
Unloading 103 unused Assets / (1.2 MB). Loaded Objects now: 6089.
Memory consumption went from 219.7 MB to 218.5 MB.
Total: 4.209083 ms (FindLiveObjects: 0.341375 ms CreateObjectMapping: 0.172292 ms MarkObjects: 3.071625 ms  DeleteObjects: 0.622916 ms)

AssetImportParameters requested are different than current active one (requested -> active):
  custom:container-demuxer-ogg: 62fdf1f143b41e24485cea50d1cbac27 -> 
  custom:video-decoder-ogg-theora: a1e56fd34408186e4bbccfd4996cb3dc -> 
  custom:CustomObjectIndexerAttribute: a3ef5dd2817f97addfee359851a9dba5 -> 
  custom:container-demuxer-webm: 4f35f7cbe854078d1ac9338744f61a02 -> 
  custom:container-muxer-webm: aa71ff27fc2769a1b78a27578f13a17b -> 
  custom:video-decoder-webm-vp8: 9c59270c3fd7afecdb556c50c9e8de78 -> 
  custom:SearchIndexIgnoredProperties: e643bd26f0fe6173181afceb89e7c659 -> 
  custom:AudioImporter_EditorPlatform: 3918e3fc78b5a79bad01e8451be0beb8 -> 
  custom:framework-osx-AVFoundation: e770b220cccbd017edd2c1fefb359320 -> 
  custom:video-encoder-webm-vp8: eb34c28f22e8b96e1ab97ce403110664 -> 
  custom:audio-decoder-ogg-vorbis: bf7c407c2cedff20999df2af8eb42d56 -> 
  custom:audio-encoder-webm-vorbis: bf7c407c2cedff20999df2af8eb42d56 -> 
========================================================================
Received Import Request.
  Time since last request: 5065.437549 seconds.
  path: Assets/Animations
  artifactKey: Guid(2b39211f8138f48eca925a0a01e04785) Importer(815301076,1909f56bfc062723c751e8b465ee728b)
Start importing Assets/Animations using Guid(2b39211f8138f48eca925a0a01e04785) Importer(815301076,1909f56bfc062723c751e8b465ee728b)  -> (artifact id: '5db7dc8b9d111f909f4f1c5c148ee0f2') in 0.004520 seconds
Number of updated asset objects reloaded before import = 0
Number of asset objects unloaded after import = 0
========================================================================
Received Import Request.
  Time since last request: 5.676572 seconds.
  path: Assets/Prefab
  artifactKey: Guid(be674aecadd374890aeb5fdaa8d278d4) Importer(815301076,1909f56bfc062723c751e8b465ee728b)
Start importing Assets/Prefab using Guid(be674aecadd374890aeb5fdaa8d278d4) Importer(815301076,1909f56bfc062723c751e8b465ee728b)  -> (artifact id: 'f77700c9cce025c0feb5bc9192948dd9') in 0.000535 seconds
Number of updated asset objects reloaded before import = 0
Number of asset objects unloaded after import = 0
========================================================================
Received Import Request.
  Time since last request: 11.095212 seconds.
  path: Assets/Sprites
  artifactKey: Guid(174f6f91c0d5240d29947fbde88ddafc) Importer(815301076,1909f56bfc062723c751e8b465ee728b)
Start importing Assets/Sprites using Guid(174f6f91c0d5240d29947fbde88ddafc) Importer(815301076,1909f56bfc062723c751e8b465ee728b)  -> (artifact id: 'c321132a7b515f0b4b90b9398344a1e8') in 0.000508 seconds
Number of updated asset objects reloaded before import = 0
Number of asset objects unloaded after import = 0
========================================================================
Received Import Request.
  Time since last request: 7.871840 seconds.
  path: Assets/Material
  artifactKey: Guid(53389c7e20bde49d6bafb1292649c512) Importer(815301076,1909f56bfc062723c751e8b465ee728b)
Start importing Assets/Material using Guid(53389c7e20bde49d6bafb1292649c512) Importer(815301076,1909f56bfc062723c751e8b465ee728b)  -> (artifact id: '351d6ab80a477b5b0ef99f38bee92859') in 0.000498 seconds
Number of updated asset objects reloaded before import = 0
Number of asset objects unloaded after import = 0
========================================================================
Received Import Request.
  Time since last request: 33.878436 seconds.
  path: Assets/New Folder
  artifactKey: Guid(b6d5be5e513454dba999aef16b11279b) Importer(815301076,1909f56bfc062723c751e8b465ee728b)
Start importing Assets/New Folder using Guid(b6d5be5e513454dba999aef16b11279b) Importer(815301076,1909f56bfc062723c751e8b465ee728b)  -> (artifact id: 'f3fdfeec5b7625641791169d69efe6d3') in 0.000469 seconds
Number of updated asset objects reloaded before import = 0
Number of asset objects unloaded after import = 0
========================================================================
Received Import Request.
  Time since last request: 15.895753 seconds.
  path: Assets/Tile Set
  artifactKey: Guid(b6d5be5e513454dba999aef16b11279b) Importer(815301076,1909f56bfc062723c751e8b465ee728b)
Start importing Assets/Tile Set using Guid(b6d5be5e513454dba999aef16b11279b) Importer(815301076,1909f56bfc062723c751e8b465ee728b)  -> (artifact id: 'a530aea72c48cf2c0eb6e13bfea19d23') in 0.000442 seconds
Number of updated asset objects reloaded before import = 0
Number of asset objects unloaded after import = 0
========================================================================
Received Import Request.
  Time since last request: 9.648341 seconds.
  path: Assets/Settings
  artifactKey: Guid(0220aab0833d04faeb927d84ca6cc40c) Importer(815301076,1909f56bfc062723c751e8b465ee728b)
Start importing Assets/Settings using Guid(0220aab0833d04faeb927d84ca6cc40c) Importer(815301076,1909f56bfc062723c751e8b465ee728b)  -> (artifact id: '6b0f1c9b956b738fc08170e3f36fa937') in 0.000527 seconds
Number of updated asset objects reloaded before import = 0
Number of asset objects unloaded after import = 0
========================================================================
Received Import Request.
  Time since last request: 46.475673 seconds.
  path: Assets/Sound
  artifactKey: Guid(df97f50977b0e45dbb150a33b0a7cbc6) Importer(815301076,1909f56bfc062723c751e8b465ee728b)
Start importing Assets/Sound using Guid(df97f50977b0e45dbb150a33b0a7cbc6) Importer(815301076,1909f56bfc062723c751e8b465ee728b)  -> (artifact id: 'ee90529e0a090e940a2e62ef7f89eedc') in 0.000460 seconds
Number of updated asset objects reloaded before import = 0
Number of asset objects unloaded after import = 0
========================================================================
Received Import Request.
  Time since last request: 419.626421 seconds.
  path: Assets/Set
  artifactKey: Guid(59316fecd749f42c18e9dccdf37ff772) Importer(815301076,1909f56bfc062723c751e8b465ee728b)
Start importing Assets/Set using Guid(59316fecd749f42c18e9dccdf37ff772) Importer(815301076,1909f56bfc062723c751e8b465ee728b)  -> (artifact id: 'adfc01023a417a71f9490d2b857fa877') in 0.000467 seconds
Number of updated asset objects reloaded before import = 0
Number of asset objects unloaded after import = 0
========================================================================
Received Import Request.
  Time since last request: 802.991479 seconds.
  path: Assets/Tile Set/Deneme.prefab
  artifactKey: Guid(bcc38cb4a80ce4a238fbf21795a80573) Importer(815301076,1909f56bfc062723c751e8b465ee728b)
Start importing Assets/Tile Set/Deneme.prefab using Guid(bcc38cb4a80ce4a238fbf21795a80573) Importer(815301076,1909f56bfc062723c751e8b465ee728b)  -> (artifact id: '0b800513ad7beafa25db631255248684') in 1.117949 seconds
Number of updated asset objects reloaded before import = 0
Number of asset objects unloaded after import = 12
========================================================================
Received Import Request.
  Time since last request: 7.544276 seconds.
  path: Assets/Tile Set/TilePalet
  artifactKey: Guid(7dc4985b32e4a41cda9ed3a386b02583) Importer(815301076,1909f56bfc062723c751e8b465ee728b)
Start importing Assets/Tile Set/TilePalet using Guid(7dc4985b32e4a41cda9ed3a386b02583) Importer(815301076,1909f56bfc062723c751e8b465ee728b)  -> (artifact id: 'f890a7b26f73dbe10eaab14c66af016c') in 0.000525 seconds
Number of updated asset objects reloaded before import = 0
Number of asset objects unloaded after import = 0
========================================================================
Received Import Request.
  Time since last request: 9.060635 seconds.
  path: Assets/Tile Set/Tile
  artifactKey: Guid(252a2515586cf437bbae1d4ae7a34b05) Importer(815301076,1909f56bfc062723c751e8b465ee728b)
Start importing Assets/Tile Set/Tile using Guid(252a2515586cf437bbae1d4ae7a34b05) Importer(815301076,1909f56bfc062723c751e8b465ee728b)  -> (artifact id: 'dfa8bae431bb48b87dfffeece191da2b') in 0.000516 seconds
Number of updated asset objects reloaded before import = 0
Number of asset objects unloaded after import = 0
========================================================================
Received Import Request.
  Time since last request: 5.353771 seconds.
  path: Assets/Sprites/Kings and Pigs
  artifactKey: Guid(656abc9971d284760941030a733aeb8f) Importer(815301076,1909f56bfc062723c751e8b465ee728b)
Start importing Assets/Sprites/Kings and Pigs using Guid(656abc9971d284760941030a733aeb8f) Importer(815301076,1909f56bfc062723c751e8b465ee728b)  -> (artifact id: '9e16cedc5bd192664574a0dc952cd582') in 0.000582 seconds
Number of updated asset objects reloaded before import = 0
Number of asset objects unloaded after import = 0
========================================================================
Received Import Request.
  Time since last request: 1.445097 seconds.
  path: Assets/Sprites/Kings and Pigs/Sprites
  artifactKey: Guid(3e23d12d3b239450c9a6965beee4cec0) Importer(815301076,1909f56bfc062723c751e8b465ee728b)
Start importing Assets/Sprites/Kings and Pigs/Sprites using Guid(3e23d12d3b239450c9a6965beee4cec0) Importer(815301076,1909f56bfc062723c751e8b465ee728b)  -> (artifact id: 'dafd906df2fc092dfdfaa6ca40d74462') in 0.000557 seconds
Number of updated asset objects reloaded before import = 0
Number of asset objects unloaded after import = 0
========================================================================
Received Import Request.
  Time since last request: 0.035520 seconds.
  path: Assets/Sprites/Kings and Pigs/Sprites/Kings and Pigs.png
  artifactKey: Guid(6d217b4c7ec6e493c983fd8b4f44e950) Importer(815301076,1909f56bfc062723c751e8b465ee728b)
Start importing Assets/Sprites/Kings and Pigs/Sprites/Kings and Pigs.png using Guid(6d217b4c7ec6e493c983fd8b4f44e950) Importer(815301076,1909f56bfc062723c751e8b465ee728b)  -> (artifact id: 'c503954b9da527120eb85f7a3b1a555c') in 0.071644 seconds
Number of updated asset objects reloaded before import = 0
Number of asset objects unloaded after import = 3
========================================================================
Received Import Request.
  Time since last request: 1.503346 seconds.
  path: Assets/Sprites/Kings and Pigs/Sprites/01-King Human
  artifactKey: Guid(9901459afcac24d108b02762c744612c) Importer(815301076,1909f56bfc062723c751e8b465ee728b)
Start importing Assets/Sprites/Kings and Pigs/Sprites/01-King Human using Guid(9901459afcac24d108b02762c744612c) Importer(815301076,1909f56bfc062723c751e8b465ee728b)  -> (artifact id: 'ea9acda69c56a50938f8a234947adfb7') in 0.000623 seconds
Number of updated asset objects reloaded before import = 0
Number of asset objects unloaded after import = 0
========================================================================
Received Import Request.
  Time since last request: 0.044043 seconds.
  path: Assets/Sprites/Kings and Pigs/Sprites/01-King Human/Attack (78x58).png
  artifactKey: Guid(92702af92f16b477eb8bb7ab99429bc4) Importer(815301076,1909f56bfc062723c751e8b465ee728b)
Start importing Assets/Sprites/Kings and Pigs/Sprites/01-King Human/Attack (78x58).png using Guid(92702af92f16b477eb8bb7ab99429bc4) Importer(815301076,1909f56bfc062723c751e8b465ee728b)  -> (artifact id: 'f93d43640d2751908f859d4610baf91f') in 0.012193 seconds
Number of updated asset objects reloaded before import = 0
Number of asset objects unloaded after import = 3
========================================================================
Received Import Request.
  Time since last request: 0.000199 seconds.
  path: Assets/Sprites/Kings and Pigs/Sprites/01-King Human/Fall (78x58).png
  artifactKey: Guid(bc8bec4d0008548c29b19d76997b4515) Importer(815301076,1909f56bfc062723c751e8b465ee728b)
Start importing Assets/Sprites/Kings and Pigs/Sprites/01-King Human/Fall (78x58).png using Guid(bc8bec4d0008548c29b19d76997b4515) Importer(815301076,1909f56bfc062723c751e8b465ee728b)  -> (artifact id: '889a3ca0896a8aa8a5d7943d2f5e3618') in 0.010848 seconds
Number of updated asset objects reloaded before import = 0
Number of asset objects unloaded after import = 3
========================================================================
Received Import Request.
  Time since last request: 0.000067 seconds.
  path: Assets/Sprites/Kings and Pigs/Sprites/01-King Human/Idle (78x58).png
  artifactKey: Guid(6e62089ab026141c4a32af3a2ea3c572) Importer(815301076,1909f56bfc062723c751e8b465ee728b)
Start importing Assets/Sprites/Kings and Pigs/Sprites/01-King Human/Idle (78x58).png using Guid(6e62089ab026141c4a32af3a2ea3c572) Importer(815301076,1909f56bfc062723c751e8b465ee728b)  -> (artifact id: 'f98230c13e4739e2c1ec33447f22968b') in 0.008131 seconds
Number of updated asset objects reloaded before import = 0
Number of asset objects unloaded after import = 3
========================================================================
Received Import Request.
  Time since last request: 0.000166 seconds.
  path: Assets/Sprites/Kings and Pigs/Sprites/01-King Human/Ground (78x58).png
  artifactKey: Guid(eb2b83e3428a94daa8330b8991cb9c2d) Importer(815301076,1909f56bfc062723c751e8b465ee728b)
Start importing Assets/Sprites/Kings and Pigs/Sprites/01-King Human/Ground (78x58).png using Guid(eb2b83e3428a94daa8330b8991cb9c2d) Importer(815301076,1909f56bfc062723c751e8b465ee728b)  -> (artifact id: 'fdcc984e0cf764215b7349d5cd69258d') in 0.007935 seconds
Number of updated asset objects reloaded before import = 0
Number of asset objects unloaded after import = 3
========================================================================
Received Import Request.
  Time since last request: 0.000125 seconds.
  path: Assets/Sprites/Kings and Pigs/Sprites/01-King Human/Run (78x58).png
  artifactKey: Guid(c41a5c082395f4c15836fc53c5b45edf) Importer(815301076,1909f56bfc062723c751e8b465ee728b)
Start importing Assets/Sprites/Kings and Pigs/Sprites/01-King Human/Run (78x58).png using Guid(c41a5c082395f4c15836fc53c5b45edf) Importer(815301076,1909f56bfc062723c751e8b465ee728b)  -> (artifact id: 'ffe811bbba13e466ccf01119f12a9c7a') in 0.007428 seconds
Number of updated asset objects reloaded before import = 0
Number of asset objects unloaded after import = 3
========================================================================
Received Import Request.
  Time since last request: 0.000153 seconds.
  path: Assets/Sprites/Kings and Pigs/Sprites/01-King Human/Door Out (78x58).png
  artifactKey: Guid(385e753b5d0fe4a4ea253c73a955eab9) Importer(815301076,1909f56bfc062723c751e8b465ee728b)
Start importing Assets/Sprites/Kings and Pigs/Sprites/01-King Human/Door Out (78x58).png using Guid(385e753b5d0fe4a4ea253c73a955eab9) Importer(815301076,1909f56bfc062723c751e8b465ee728b)  -> (artifact id: '5dae6c0627d66c6e99fa26f0865cac01') in 0.007343 seconds
Number of updated asset objects reloaded before import = 0
Number of asset objects unloaded after import = 3
========================================================================
Received Import Request.
  Time since last request: 0.000099 seconds.
  path: Assets/Sprites/Kings and Pigs/Sprites/01-King Human/Door In (78x58).png
  artifactKey: Guid(d2c9a440893c646a99faf9cfd4aff1ee) Importer(815301076,1909f56bfc062723c751e8b465ee728b)
Start importing Assets/Sprites/Kings and Pigs/Sprites/01-King Human/Door In (78x58).png using Guid(d2c9a440893c646a99faf9cfd4aff1ee) Importer(815301076,1909f56bfc062723c751e8b465ee728b)  -> (artifact id: '585dea60ed081016a8f9672422e53617') in 0.007846 seconds
Number of updated asset objects reloaded before import = 0
Number of asset objects unloaded after import = 3
========================================================================
Received Import Request.
  Time since last request: 0.000082 seconds.
  path: Assets/Sprites/Kings and Pigs/Sprites/01-King Human/Hit (78x58).png
  artifactKey: Guid(228f4d605225544dd85e9bb80b3caf4b) Importer(815301076,1909f56bfc062723c751e8b465ee728b)
Start importing Assets/Sprites/Kings and Pigs/Sprites/01-King Human/Hit (78x58).png using Guid(228f4d605225544dd85e9bb80b3caf4b) Importer(815301076,1909f56bfc062723c751e8b465ee728b)  -> (artifact id: 'cac6118422107619e0661e04e4367bb9') in 0.009153 seconds
Number of updated asset objects reloaded before import = 0
Number of asset objects unloaded after import = 3
========================================================================
Received Import Request.
  Time since last request: 0.000236 seconds.
  path: Assets/Sprites/Kings and Pigs/Sprites/01-King Human/Jump (78x58).png
  artifactKey: Guid(d465d81cb31f84b2d9252b8942769372) Importer(815301076,1909f56bfc062723c751e8b465ee728b)
Start importing Assets/Sprites/Kings and Pigs/Sprites/01-King Human/Jump (78x58).png using Guid(d465d81cb31f84b2d9252b8942769372) Importer(815301076,1909f56bfc062723c751e8b465ee728b)  -> (artifact id: '846d60e4ba882175ab20edeb9abb5b04') in 0.007929 seconds
Number of updated asset objects reloaded before import = 0
Number of asset objects unloaded after import = 3
========================================================================
Received Import Request.
  Time since last request: 4.740935 seconds.
  path: Assets/Sprites/Kings and Pigs/Sprites/14-TileSets
  artifactKey: Guid(078c244116f8544a0b4f23cbeb873e66) Importer(815301076,1909f56bfc062723c751e8b465ee728b)
Start importing Assets/Sprites/Kings and Pigs/Sprites/14-TileSets using Guid(078c244116f8544a0b4f23cbeb873e66) Importer(815301076,1909f56bfc062723c751e8b465ee728b)  -> (artifact id: 'd3e34928c6b015a0be2c058a29939a4c') in 0.000675 seconds
Number of updated asset objects reloaded before import = 0
Number of asset objects unloaded after import = 0
========================================================================
Received Import Request.
  Time since last request: 0.057200 seconds.
  path: Assets/Sprites/Kings and Pigs/Sprites/14-TileSets/Decorations (32x32).png
  artifactKey: Guid(3a286e4c6db434c6bb301b957a10f433) Importer(815301076,1909f56bfc062723c751e8b465ee728b)
Start importing Assets/Sprites/Kings and Pigs/Sprites/14-TileSets/Decorations (32x32).png using Guid(3a286e4c6db434c6bb301b957a10f433) Importer(815301076,1909f56bfc062723c751e8b465ee728b)  -> (artifact id: 'ec12e1b043c7f1a546b55594b91d2aba') in 0.014498 seconds
Number of updated asset objects reloaded before import = 0
Number of asset objects unloaded after import = 3
========================================================================
Received Import Request.
  Time since last request: 10.805685 seconds.
  path: Assets/Sprites/Kings and Pigs/Sprites/14-TileSets/Terrain (32x32).png
  artifactKey: Guid(33af1cb3f9e0b4650beca738294467e3) Importer(815301076,1909f56bfc062723c751e8b465ee728b)
Start importing Assets/Sprites/Kings and Pigs/Sprites/14-TileSets/Terrain (32x32).png using Guid(33af1cb3f9e0b4650beca738294467e3) Importer(815301076,1909f56bfc062723c751e8b465ee728b)  -> (artifact id: 'c027cb1858a53f1309d9b46c1ac5b99d') in 0.007643 seconds
Number of updated asset objects reloaded before import = 0
Number of asset objects unloaded after import = 2
========================================================================
Received Import Request.
  Time since last request: 29.912610 seconds.
  path: Assets/Sprites/Kings and Pigs/Sprites/14-TileSets/Terrain (32x32).png
  artifactKey: Guid(33af1cb3f9e0b4650beca738294467e3) Importer(815301076,1909f56bfc062723c751e8b465ee728b)
Start importing Assets/Sprites/Kings and Pigs/Sprites/14-TileSets/Terrain (32x32).png using Guid(33af1cb3f9e0b4650beca738294467e3) Importer(815301076,1909f56bfc062723c751e8b465ee728b)  -> (artifact id: 'ee2e2acf7657375c570a2a1a4ee6dbdd') in 0.214825 seconds
Number of updated asset objects reloaded before import = 0
Number of asset objects unloaded after import = 96
========================================================================
Received Import Request.
  Time since last request: 72.446869 seconds.
  path: ProjectSettings/TagManager.asset
  artifactKey: Guid(00000000000000003000000000000000) Importer(815301076,1909f56bfc062723c751e8b465ee728b)
Start importing ProjectSettings/TagManager.asset using Guid(00000000000000003000000000000000) Importer(815301076,1909f56bfc062723c751e8b465ee728b)  -> (artifact id: 'f2c5e9a45d395a1fd41cbcc31ddaf045') in 0.001024 seconds
Number of updated asset objects reloaded before import = 0
Number of asset objects unloaded after import = 0
========================================================================
Received Import Request.
  Time since last request: 117.683289 seconds.
  path: Assets/Sprites/Kings and Pigs/Sprites/14-TileSets/Terrain (32x32).png
  artifactKey: Guid(33af1cb3f9e0b4650beca738294467e3) Importer(815301076,1909f56bfc062723c751e8b465ee728b)
Start importing Assets/Sprites/Kings and Pigs/Sprites/14-TileSets/Terrain (32x32).png using Guid(33af1cb3f9e0b4650beca738294467e3) Importer(815301076,1909f56bfc062723c751e8b465ee728b)  -> (artifact id: '35116e73e1542aaf185aa86759198636') in 0.236474 seconds
Number of updated asset objects reloaded before import = 0
Number of asset objects unloaded after import = 96
